Out directory: D:\git_projects\website_3ddata
WARN: bower->npm mapping for "polymer-vis" not found
WARN: bower->npm mapping for "polymer-vis" not found
WARN: bower->npm mapping for "mapbox-gl" not found
WARN: bower->npm mapping for "polymer-vis" not found
WARN: bower->npm mapping for "terraformer" not found
WARN: bower->npm mapping for "terraformer-wkt-parser" not found
WARN: bower->npm mapping for "vaadin-themable-mixin" not found
WARN: bower->npm mapping for "vaadin-grid" not found
WARN: bower->npm mapping for "vaadin-grid" not found
WARN: bower->npm mapping for "vaadin-grid" not found
WARN: bower->npm mapping for "vaadin-grid" not found
WARN: bower->npm mapping for "vaadin-grid" not found
WARN: bower->npm mapping for "vaadin-grid" not found
WARN: bower->npm mapping for "vaadin-grid" not found
WARN: bower->npm mapping for "vaadin-grid" not found
WARN: bower->npm mapping for "vaadin-grid" not found
WARN: bower->npm mapping for "vaadin-grid" not found
WARN: bower->npm mapping for "vaadin-grid" not found
WARN: bower->npm mapping for "vaadin-grid" not found
WARN: bower->npm mapping for "vaadin-grid" not found
WARN: bower->npm mapping for "vaadin-grid" not found
WARN: bower->npm mapping for "vaadin-grid" not found
WARN: bower->npm mapping for "vaadin-grid" not found
WARN: bower->npm mapping for "vaadin-grid" not found
WARN: bower->npm mapping for "vaadin-grid" not found
WARN: bower->npm mapping for "vaadin-grid" not found
WARN: bower->npm mapping for "vaadin-grid" not found
WARN: bower->npm mapping for "vaadin-grid" not found
WARN: bower->npm mapping for "vaadin-grid" not found
WARN: bower->npm mapping for "vaadin-grid" not found
WARN: bower->npm mapping for "vaadin-grid" not found
WARN: bower->npm mapping for "vaadin-themable-mixin" not found
WARN: bower->npm mapping for "vaadin-grid" not found
WARN: bower->npm mapping for "vaadin-grid" not found
WARN: bower->npm mapping for "vaadin-grid" not found
WARN: bower->npm mapping for "vaadin-grid" not found
WARN: bower->npm mapping for "vaadin-grid" not found
WARN: bower->npm mapping for "vaadin-grid" not found
WARN: bower->npm mapping for "vaadin-grid" not found
WARN: bower->npm mapping for "vaadin-grid" not found
WARN: bower->npm mapping for "vaadin-grid" not found
WARN: bower->npm mapping for "vaadin-grid" not found
WARN: bower->npm mapping for "vaadin-grid" not found
WARN: bower->npm mapping for "vaadin-grid" not found
WARN: bower->npm mapping for "vaadin-grid" not found
WARN: bower->npm mapping for "vaadin-grid" not found
WARN: bower->npm mapping for "vaadin-grid" not found
WARN: bower->npm mapping for "vaadin-grid" not found
WARN: bower->npm mapping for "vaadin-grid" not found
WARN: bower->npm mapping for "vaadin-grid" not found
WARN: bower->npm mapping for "vaadin-grid" not found
WARN: bower->npm mapping for "vaadin-grid" not found
WARN: bower->npm mapping for "mapbox-gl" not found
WARN: bower->npm mapping for "mapbox-gl" not found
WARN: bower->npm mapping for "d3" not found
WARN: bower->npm mapping for "terraformer" not found
WARN: bower->npm mapping for "terraformer-wkt-parser" not found
WARN: bower->npm mapping for "vaadin-grid" not found
[2/2] 🎉  Conversion Complete!
