Arguments: 
  C:\Program Files (x86)\nodejs\node.exe C:\Program Files (x86)\Yarn\bin\yarn.js

PATH: 
  C:\Users\tomt\bin;C:\Program Files\Git\mingw64\bin;C:\Program Files\Git\usr\local\bin;C:\Program Files\Git\usr\bin;C:\Program Files\Git\usr\bin;C:\Program Files\Git\mingw64\bin;C:\Program Files\Git\usr\bin;C:\Users\tomt\bin;C:\Program Files\Dell\DW WLAN Card;C:\ProgramData\Oracle\Java\javapath;C:\Program Files (x86)\Intel\iCLS Client;C:\Program Files\Intel\iCLS Client;C:\WINDOWS\system32;C:\WINDOWS;C:\WINDOWS\System32\Wbem;C:\WINDOWS\System32\WindowsPowerShell\v1.0;C:\Program Files (x86)\Intel\Intel(R) Management Engine Components\DAL;C:\Program Files\Intel\Intel(R) Management Engine Components\DAL;C:\Program Files (x86)\Intel\Intel(R) Management Engine Components\IPT;C:\Program Files\Intel\Intel(R) Management Engine Components\IPT;C:\Program Files\OpenNI\Bin64;C:\Program Files\HDF_Group\HDFView\2.11.0\bin;C:\Program Files\Git\cmd;C:\Program Files\jEdit;C:\Program Files\HDF_Group\HDF5\1.8.17\bin;C:\Program Files\Microsoft SQL Server\130\Tools\Binn;C:\Program Files (x86)\Skype\Phone;C:\Program Files\Instant Reality\bin;C:\Program Files (x86)\Yarn\bin;C:\Program Files (x86)\Pandoc;C:\Program Files (x86)\nodejs;C:\Program Files\Amazon\AWSCLI;C:\Program Files (x86)\Windows Kits\8.1\Windows Performance Toolkit;C:\Users\tomt\AppData\Local\atom\bin;C:\Program Files (x86)\Nmap;C:\Users\tomt\AppData\Local\Microsoft\WindowsApps;C:\Users\tomt\AppData\Local\Programs\Python\Python35;C:\Program Files (x86)\pgAdmin III\1.22;C:\Users\tomt\AppData\Local\Yarn\bin;C:\Program Files (x86)\GnuWin32\bin;C:\Program Files\Microsoft VS Code\bin;C:\Users\tomt\AppData\Roaming\npm;C:\Program Files\Git\usr\bin\vendor_perl;C:\Program Files\Git\usr\bin\core_perl

Yarn version: 
  0.24.6

Node version: 
  8.9.1

Platform: 
  win32 x64

npm manifest: 
  {
    "name": "3ddatalab",
    "version": "1.0.0",
    "description": "Website voor 3ddatalab",
    "main": "index.js",
    "repository": "https://github.com/Geodan/website_3ddata.git",
    "author": "Tom van Tilburg <tom.van.tilburg@gmail.com>",
    "license": "MIT",
    "flat": true,
    "dependencies": {
      "@polymer/lit-element": "^0.1.0",
      "@polymer/polymer": "^3.0.0-pre.7",
      "@polymer/app-layout": "^3.0.0-pre.7",
      "@polymer/app-route": "^3.0.0-pre.7",
      "@polymer/app-storage": "^3.0.0-pre.7",
      "@polymer/paper-input": "^3.0.0-pre.7",
      "@polymer/paper-tabs": "^3.0.0-pre.7",
      "@polymer/paper-listbox": "^3.0.0-pre.7",
      "@polymer/paper-card": "^3.0.0-pre.7",
      "@polymer/paper-button": "^3.0.0-pre.7",
      "@polymer/paper-dialog": "^3.0.0-pre.7",
      "@polymer/paper-dialog-scrollable": "^3.0.0-pre.7",
      "@polymer/iron-flex-layout": "^3.0.0-pre.7",
      "@polymer/iron-form": "^3.0.0-pre.7",
      "@polymer/iron-icon": "^3.0.0-pre.7",
      "@polymer/iron-icons": "^3.0.0-pre.7",
      "@polymer/iron-iconset-svg": "^3.0.0-pre.7",
      "@polymer/iron-media-query": "^3.0.0-pre.7",
      "@polymer/iron-overlay-behavior": "^3.0.0-pre.7",
      "@polymer/iron-pages": "^3.0.0-pre.7",
      "@polymer/iron-selector": "^3.0.0-pre.7",
      "@polymer/paper-icon-button": "^3.0.0-pre.7",
      "@polymer/paper-spinner": "^3.0.0-pre.7",
      "lit-html": "^0.9.0"
    }
  }

yarn manifest: 
  No manifest

Lockfile: 
  # THIS IS AN AUTOGENERATED FILE. DO NOT EDIT THIS FILE DIRECTLY.
  # yarn lockfile v1
  
  
  "@polymer/app-layout@^3.0.0-pre.7":
    version "3.0.0-pre.7"
    resolved "https://registry.yarnpkg.com/@polymer/app-layout/-/app-layout-3.0.0-pre.7.tgz#f4b7c418486c2588f2d75261ebc7c5e8f82f8934"
    dependencies:
      "@polymer/iron-flex-layout" "^3.0.0-pre.7"
      "@polymer/iron-media-query" "^3.0.0-pre.7"
      "@polymer/iron-resizable-behavior" "^3.0.0-pre.7"
      "@polymer/iron-scroll-target-behavior" "^3.0.0-pre.7"
      "@polymer/polymer" "^3.0.0-pre.7"
  
  "@polymer/app-route@^3.0.0-pre.7":
    version "3.0.0-pre.7"
    resolved "https://registry.yarnpkg.com/@polymer/app-route/-/app-route-3.0.0-pre.7.tgz#fd65a6a6bba58a9e9a21b452c04b52646b405323"
    dependencies:
      "@polymer/iron-location" "^3.0.0-pre.7"
      "@polymer/polymer" "^3.0.0-pre.7"
  
  "@polymer/app-storage@^3.0.0-pre.7":
    version "3.0.0-pre.7"
    resolved "https://registry.yarnpkg.com/@polymer/app-storage/-/app-storage-3.0.0-pre.7.tgz#7e34f8f68cb2df8e3810b96627e93a7567407a03"
    dependencies:
      "@polymer/polymer" "^3.0.0-pre.7"
  
  "@polymer/font-roboto@^3.0.0-pre.7":
    version "3.0.0-pre.7"
    resolved "https://registry.yarnpkg.com/@polymer/font-roboto/-/font-roboto-3.0.0-pre.7.tgz#b703c70aae998502192e106525851ebb82b5dacf"
  
  "@polymer/iron-a11y-keys-behavior@^3.0.0-pre.7":
    version "3.0.0-pre.7"
    resolved "https://registry.yarnpkg.com/@polymer/iron-a11y-keys-behavior/-/iron-a11y-keys-behavior-3.0.0-pre.7.tgz#c27d93a9573232a980903f6861d080167c8abfcf"
    dependencies:
      "@polymer/polymer" "^3.0.0-pre.7"
  
  "@polymer/iron-ajax@^3.0.0-pre.7":
    version "3.0.0-pre.7"
    resolved "https://registry.yarnpkg.com/@polymer/iron-ajax/-/iron-ajax-3.0.0-pre.7.tgz#7b4f834f8b3974cedd5a9b012cb893bf78d8f25f"
    dependencies:
      "@polymer/polymer" "^3.0.0-pre.7"
  
  "@polymer/iron-behaviors@^3.0.0-pre.7":
    version "3.0.0-pre.7"
    resolved "https://registry.yarnpkg.com/@polymer/iron-behaviors/-/iron-behaviors-3.0.0-pre.7.tgz#7a1405d326e60f658abe94b1914c7d208c36316d"
    dependencies:
      "@polymer/iron-a11y-keys-behavior" "^3.0.0-pre.7"
      "@polymer/polymer" "^3.0.0-pre.7"
  
  "@polymer/iron-checked-element-behavior@^3.0.0-pre.7":
    version "3.0.0-pre.7"
    resolved "https://registry.yarnpkg.com/@polymer/iron-checked-element-behavior/-/iron-checked-element-behavior-3.0.0-pre.7.tgz#907612c0718a990fc21a58fbdca0bd3b5c041a4a"
    dependencies:
      "@polymer/iron-form-element-behavior" "^3.0.0-pre.7"
      "@polymer/iron-validatable-behavior" "^3.0.0-pre.7"
      "@polymer/polymer" "^3.0.0-pre.7"
  
  "@polymer/iron-fit-behavior@^3.0.0-pre.7":
    version "3.0.0-pre.7"
    resolved "https://registry.yarnpkg.com/@polymer/iron-fit-behavior/-/iron-fit-behavior-3.0.0-pre.7.tgz#c83525e5380152d208347f4d9a893945d30ae4e5"
    dependencies:
      "@polymer/polymer" "^3.0.0-pre.7"
  
  "@polymer/iron-flex-layout@^3.0.0-pre.7":
    version "3.0.0-pre.7"
    resolved "https://registry.yarnpkg.com/@polymer/iron-flex-layout/-/iron-flex-layout-3.0.0-pre.7.tgz#38806ef3b8fe4f9ea8ccfc6062dd3d9314c6a2a8"
    dependencies:
      "@polymer/polymer" "^3.0.0-pre.7"
  
  "@polymer/iron-form-element-behavior@^3.0.0-pre.7":
    version "3.0.0-pre.7"
    resolved "https://registry.yarnpkg.com/@polymer/iron-form-element-behavior/-/iron-form-element-behavior-3.0.0-pre.7.tgz#de75642246411e06f53b225f150d7218b6b9db4b"
    dependencies:
      "@polymer/polymer" "^3.0.0-pre.7"
  
  "@polymer/iron-form@^3.0.0-pre.7":
    version "3.0.0-pre.7"
    resolved "https://registry.yarnpkg.com/@polymer/iron-form/-/iron-form-3.0.0-pre.7.tgz#5b01c72e111ab370ab27962d0a1fe7ae8aec649c"
    dependencies:
      "@polymer/iron-ajax" "^3.0.0-pre.7"
      "@polymer/polymer" "^3.0.0-pre.7"
  
  "@polymer/iron-icon@^3.0.0-pre.7":
    version "3.0.0-pre.7"
    resolved "https://registry.yarnpkg.com/@polymer/iron-icon/-/iron-icon-3.0.0-pre.7.tgz#2a964c21b3450159abe06d08cb46596484950f06"
    dependencies:
      "@polymer/iron-flex-layout" "^3.0.0-pre.7"
      "@polymer/iron-meta" "^3.0.0-pre.7"
      "@polymer/polymer" "^3.0.0-pre.7"
  
  "@polymer/iron-iconset-svg@^3.0.0-pre.7":
    version "3.0.0-pre.7"
    resolved "https://registry.yarnpkg.com/@polymer/iron-iconset-svg/-/iron-iconset-svg-3.0.0-pre.7.tgz#a451445942ba5e3254569ae3798a0656ff6912d0"
    dependencies:
      "@polymer/iron-meta" "^3.0.0-pre.7"
      "@polymer/polymer" "^3.0.0-pre.7"
  
  "@polymer/iron-location@^3.0.0-pre.7":
    version "3.0.0-pre.7"
    resolved "https://registry.yarnpkg.com/@polymer/iron-location/-/iron-location-3.0.0-pre.7.tgz#3d6ee5d44fd005b0e728072e73755b263aa80845"
    dependencies:
      "@polymer/polymer" "^3.0.0-pre.7"
  
  "@polymer/iron-media-query@^3.0.0-pre.7":
    version "3.0.0-pre.7"
    resolved "https://registry.yarnpkg.com/@polymer/iron-media-query/-/iron-media-query-3.0.0-pre.7.tgz#cd0da2aee4fe802e65ae41655d79b1ebcc0867da"
    dependencies:
      "@polymer/polymer" "^3.0.0-pre.7"
  
  "@polymer/iron-meta@^3.0.0-pre.7":
    version "3.0.0-pre.7"
    resolved "https://registry.yarnpkg.com/@polymer/iron-meta/-/iron-meta-3.0.0-pre.7.tgz#201d330a27440a425a238a66dd1e64e8b7e2ed5f"
    dependencies:
      "@polymer/polymer" "^3.0.0-pre.7"
  
  "@polymer/iron-overlay-behavior@^3.0.0-pre.7":
    version "3.0.0-pre.7"
    resolved "https://registry.yarnpkg.com/@polymer/iron-overlay-behavior/-/iron-overlay-behavior-3.0.0-pre.7.tgz#cab04ffde8ff323816a3ac071d4dc812de19cf76"
    dependencies:
      "@polymer/iron-a11y-keys-behavior" "^3.0.0-pre.7"
      "@polymer/iron-fit-behavior" "^3.0.0-pre.7"
      "@polymer/iron-resizable-behavior" "^3.0.0-pre.7"
      "@polymer/polymer" "^3.0.0-pre.7"
  
  "@polymer/iron-pages@^3.0.0-pre.7":
    version "3.0.0-pre.7"
    resolved "https://registry.yarnpkg.com/@polymer/iron-pages/-/iron-pages-3.0.0-pre.7.tgz#717531d458bbd6b265235459b17c68c3499c6487"
    dependencies:
      "@polymer/iron-resizable-behavior" "^3.0.0-pre.7"
      "@polymer/iron-selector" "^3.0.0-pre.7"
      "@polymer/polymer" "^3.0.0-pre.7"
  
  "@polymer/iron-resizable-behavior@^3.0.0-pre.7":
    version "3.0.0-pre.7"
    resolved "https://registry.yarnpkg.com/@polymer/iron-resizable-behavior/-/iron-resizable-behavior-3.0.0-pre.7.tgz#0162c6a7bff1c002f9af6fb960e5486735ccb883"
    dependencies:
      "@polymer/polymer" "^3.0.0-pre.7"
  
  "@polymer/iron-scroll-target-behavior@^3.0.0-pre.7":
    version "3.0.0-pre.7"
    resolved "https://registry.yarnpkg.com/@polymer/iron-scroll-target-behavior/-/iron-scroll-target-behavior-3.0.0-pre.7.tgz#0cb2c5db4d3087fa884d4204a1c67c014a186977"
    dependencies:
      "@polymer/polymer" "^3.0.0-pre.7"
  
  "@polymer/iron-selector@^3.0.0-pre.7":
    version "3.0.0-pre.7"
    resolved "https://registry.yarnpkg.com/@polymer/iron-selector/-/iron-selector-3.0.0-pre.7.tgz#9f1f0e4dc14fdac6858c77aafe627b63f18c4c9f"
    dependencies:
      "@polymer/polymer" "^3.0.0-pre.7"
  
  "@polymer/iron-validatable-behavior@^3.0.0-pre.7":
    version "3.0.0-pre.7"
    resolved "https://registry.yarnpkg.com/@polymer/iron-validatable-behavior/-/iron-validatable-behavior-3.0.0-pre.7.tgz#f970b1be66d4f0eb68241fc7717a4bde2e167578"
    dependencies:
      "@polymer/iron-meta" "^3.0.0-pre.7"
      "@polymer/polymer" "^3.0.0-pre.7"
  
  "@polymer/lit-element@^0.1.0":
    version "0.1.0"
    resolved "https://registry.yarnpkg.com/@polymer/lit-element/-/lit-element-0.1.0.tgz#e0a8ba8906fe8ca51f7f7ea39d47059f074c63a6"
    dependencies:
      "@polymer/polymer" "^3.0.0-pre.4"
      lit-html "^0.8.0"
  
  "@polymer/paper-behaviors@^3.0.0-pre.7":
    version "3.0.0-pre.7"
    resolved "https://registry.yarnpkg.com/@polymer/paper-behaviors/-/paper-behaviors-3.0.0-pre.7.tgz#5cb7771c39cc9316213423de5106cf9fbd52dd42"
    dependencies:
      "@polymer/iron-behaviors" "^3.0.0-pre.7"
      "@polymer/iron-checked-element-behavior" "^3.0.0-pre.7"
      "@polymer/paper-ripple" "^3.0.0-pre.7"
      "@polymer/polymer" "^3.0.0-pre.7"
  
  "@polymer/paper-icon-button@^3.0.0-pre.7":
    version "3.0.0-pre.7"
    resolved "https://registry.yarnpkg.com/@polymer/paper-icon-button/-/paper-icon-button-3.0.0-pre.7.tgz#db070203a58de1ef841b7ffe2972c58b05150e68"
    dependencies:
      "@polymer/iron-icon" "^3.0.0-pre.7"
      "@polymer/paper-behaviors" "^3.0.0-pre.7"
      "@polymer/paper-styles" "^3.0.0-pre.7"
      "@polymer/polymer" "^3.0.0-pre.7"
  
  "@polymer/paper-ripple@^3.0.0-pre.7":
    version "3.0.0-pre.7"
    resolved "https://registry.yarnpkg.com/@polymer/paper-ripple/-/paper-ripple-3.0.0-pre.7.tgz#8ea300282dc78c5a1f7c00e3d683deec76f3ce85"
    dependencies:
      "@polymer/iron-a11y-keys-behavior" "^3.0.0-pre.7"
      "@polymer/polymer" "^3.0.0-pre.7"
  
  "@polymer/paper-spinner@^3.0.0-pre.7":
    version "3.0.0-pre.7"
    resolved "https://registry.yarnpkg.com/@polymer/paper-spinner/-/paper-spinner-3.0.0-pre.7.tgz#1a2aca26db246e9e2acff8ec24cc20b0cfc41986"
    dependencies:
      "@polymer/paper-styles" "^3.0.0-pre.7"
      "@polymer/polymer" "^3.0.0-pre.7"
  
  "@polymer/paper-styles@^3.0.0-pre.7":
    version "3.0.0-pre.7"
    resolved "https://registry.yarnpkg.com/@polymer/paper-styles/-/paper-styles-3.0.0-pre.7.tgz#3a0df9190708c227392be11b65205dc5e56fd263"
    dependencies:
      "@polymer/font-roboto" "^3.0.0-pre.7"
      "@polymer/iron-flex-layout" "^3.0.0-pre.7"
      "@polymer/polymer" "^3.0.0-pre.7"
  
  "@polymer/polymer@^3.0.0-pre.4", "@polymer/polymer@^3.0.0-pre.7":
    version "3.0.0-pre.7"
    resolved "https://registry.yarnpkg.com/@polymer/polymer/-/polymer-3.0.0-pre.7.tgz#c1e9720e47fae91d5e79f40064c12c97df19935f"
    dependencies:
      "@webcomponents/shadycss" "^1.0.0"
      "@webcomponents/webcomponentsjs" "^1.0.0"
  
  "@webcomponents/shadycss@^1.0.0":
    version "1.1.1"
    resolved "https://registry.yarnpkg.com/@webcomponents/shadycss/-/shadycss-1.1.1.tgz#abc821961c99a2b1c5e0f225cd01b139899ebc4c"
  
  "@webcomponents/webcomponentsjs@^1.0.0":
    version "1.1.0"
    resolved "https://registry.yarnpkg.com/@webcomponents/webcomponentsjs/-/webcomponentsjs-1.1.0.tgz#1392799c266fca142622a720176f688beb74d181"
  
  lit-html@^0.8.0:
    version "0.8.0"
    resolved "https://registry.yarnpkg.com/lit-html/-/lit-html-0.8.0.tgz#4de0d1899585a3685870ffb919fedd61ebc79f03"
  
  lit-html@^0.9.0:
    version "0.9.0"
    resolved "https://registry.yarnpkg.com/lit-html/-/lit-html-0.9.0.tgz#a445ecbb3da7d8b17690e6ade6c872c89385092a"

Trace: 
  Error: Can't answer a question unless a user TTY
      at ConsoleReporter.select (C:\Program Files (x86)\Yarn\lib\yarn-cli.js:78157:59)
      at C:\Program Files (x86)\Yarn\lib\yarn-cli.js:20930:43
      at Generator.next (<anonymous>)
      at step (C:\Program Files (x86)\Yarn\lib\yarn-cli.js:91:30)
      at C:\Program Files (x86)\Yarn\lib\yarn-cli.js:109:14
      at new Promise (<anonymous>)
      at new F (C:\Program Files (x86)\Yarn\lib\yarn-cli.js:29142:28)
      at C:\Program Files (x86)\Yarn\lib\yarn-cli.js:88:12
      at Install.flatten (C:\Program Files (x86)\Yarn\lib\yarn-cli.js:20970:7)
      at C:\Program Files (x86)\Yarn\lib\yarn-cli.js:20774:52
